<?xml version="1.0" encoding="UTF-8"?>
<testsuite name="com.example.io_motion.core.common.math.AngleMathTest" tests="15" skipped="0" failures="0" errors="0" timestamp="2026-06-27T10:00:31" hostname="BARDIA" time="0.027">
  <properties/>
  <testcase name="midpoint is equidistant from both endpoints" classname="com.example.io_motion.core.common.math.AngleMathTest" time="0.002"/>
  <testcase name="60 degree angle using equilateral triangle geometry" classname="com.example.io_motion.core.common.math.AngleMathTest" time="0.001"/>
  <testcase name="straight line gives 180 degrees" classname="com.example.io_motion.core.common.math.AngleMathTest" time="0.001"/>
  <testcase name="acos clamping prevents NaN from near-parallel vectors with rounding" classname="com.example.io_motion.core.common.math.AngleMathTest" time="0.0"/>
  <testcase name="degenerate case — a equals b returns NaN" classname="com.example.io_motion.core.common.math.AngleMathTest" time="0.0"/>
  <testcase name="angle is symmetric — swapping a and c gives same result" classname="com.example.io_motion.core.common.math.AngleMathTest" time="0.0"/>
  <testcase name="degenerate case — c equals b returns NaN" classname="com.example.io_motion.core.common.math.AngleMathTest" time="0.0"/>
  <testcase name="right angle between perpendicular vectors" classname="com.example.io_motion.core.common.math.AngleMathTest" time="0.0"/>
  <testcase name="45 degree angle in XY plane" classname="com.example.io_motion.core.common.math.AngleMathTest" time="0.0"/>
  <testcase name="distance is commutative" classname="com.example.io_motion.core.common.math.AngleMathTest" time="0.0"/>
  <testcase name="midpoint of two points" classname="com.example.io_motion.core.common.math.AngleMathTest" time="0.0"/>
  <testcase name="distance of 3-4-0 triangle gives 5" classname="com.example.io_motion.core.common.math.AngleMathTest" time="0.001"/>
  <testcase name="result is always in 0 to 180 range" classname="com.example.io_motion.core.common.math.AngleMathTest" time="0.019"/>
  <testcase name="distance to self is zero" classname="com.example.io_motion.core.common.math.AngleMathTest" time="0.0"/>
  <testcase name="zero angle when a and c are in the same direction from b" classname="com.example.io_motion.core.common.math.AngleMathTest" time="0.0"/>
  <system-out><![CDATA[]]></system-out>
  <system-err><![CDATA[]]></system-err>
</testsuite>
