<?xml version="1.0" encoding="UTF-8"?>
<testsuite name="com.example.io_motion.core.analysis.analyzer.RepBasedAnalyzerFsmTest" tests="16" skipped="0" failures="0" errors="0" timestamp="2026-06-27T12:05:08" hostname="BARDIA" time="0.01">
  <properties/>
  <testcase name="phase is FLEXED when below flex threshold" classname="com.example.io_motion.core.analysis.analyzer.RepBasedAnalyzerFsmTest" time="0.003"/>
  <testcase name="min angle in rep is captured correctly" classname="com.example.io_motion.core.analysis.analyzer.RepBasedAnalyzerFsmTest" time="0.001"/>
  <testcase name="oscillation around flex threshold before reaching extend does not double count" classname="com.example.io_motion.core.analysis.analyzer.RepBasedAnalyzerFsmTest" time="0.0"/>
  <testcase name="finish returns correct rep list size" classname="com.example.io_motion.core.analysis.analyzer.RepBasedAnalyzerFsmTest" time="0.001"/>
  <testcase name="two clean reps are counted" classname="com.example.io_motion.core.analysis.analyzer.RepBasedAnalyzerFsmTest" time="0.0"/>
  <testcase name="angle that never reaches flex threshold is not counted" classname="com.example.io_motion.core.analysis.analyzer.RepBasedAnalyzerFsmTest" time="0.0"/>
  <testcase name="ExerciseAnalyzerFactory creates correct analyzer type" classname="com.example.io_motion.core.analysis.analyzer.RepBasedAnalyzerFsmTest" time="0.002"/>
  <testcase name="rep numbers are sequential" classname="com.example.io_motion.core.analysis.analyzer.RepBasedAnalyzerFsmTest" time="0.0"/>
  <testcase name="oscillation between flex and extend thresholds does not count extra reps" classname="com.example.io_motion.core.analysis.analyzer.RepBasedAnalyzerFsmTest" time="0.0"/>
  <testcase name="rep with insufficient ROM is rejected" classname="com.example.io_motion.core.analysis.analyzer.RepBasedAnalyzerFsmTest" time="0.0"/>
  <testcase name="phase is EXTENDED when above extend threshold" classname="com.example.io_motion.core.analysis.analyzer.RepBasedAnalyzerFsmTest" time="0.0"/>
  <testcase name="finish with no reps returns repCount zero" classname="com.example.io_motion.core.analysis.analyzer.RepBasedAnalyzerFsmTest" time="0.001"/>
  <testcase name="reset clears rep count and allows reuse" classname="com.example.io_motion.core.analysis.analyzer.RepBasedAnalyzerFsmTest" time="0.0"/>
  <testcase name="started mid-exercise awaits first extension before counting" classname="com.example.io_motion.core.analysis.analyzer.RepBasedAnalyzerFsmTest" time="0.0"/>
  <testcase name="clean rep is counted" classname="com.example.io_motion.core.analysis.analyzer.RepBasedAnalyzerFsmTest" time="0.0"/>
  <testcase name="LowConfidence state when extractAngle returns null" classname="com.example.io_motion.core.analysis.analyzer.RepBasedAnalyzerFsmTest" time="0.001"/>
  <system-out><![CDATA[]]></system-out>
  <system-err><![CDATA[]]></system-err>
</testsuite>
