<?xml version="1.0" encoding="UTF-8"?>
<testsuite name="com.example.io_motion.core.analysis.kpi.KpiCalculatorTest" tests="21" skipped="0" failures="0" errors="0" timestamp="2026-06-27T12:05:08" hostname="BARDIA" time="0.005">
  <properties/>
  <testcase name="rhythm is 100 with fewer than 2 rep timestamps" classname="com.example.io_motion.core.analysis.kpi.KpiCalculatorTest" time="0.0"/>
  <testcase name="tempo is zero for zero duration" classname="com.example.io_motion.core.analysis.kpi.KpiCalculatorTest" time="0.0"/>
  <testcase name="deviation beyond tolerance is clamped to 0" classname="com.example.io_motion.core.analysis.kpi.KpiCalculatorTest" time="0.0"/>
  <testcase name="only just reaching flex threshold gives partial depth score" classname="com.example.io_motion.core.analysis.kpi.KpiCalculatorTest" time="0.0"/>
  <testcase name="tempo computes reps per minute correctly" classname="com.example.io_motion.core.analysis.kpi.KpiCalculatorTest" time="0.0"/>
  <testcase name="tempo handles sub-minute duration" classname="com.example.io_motion.core.analysis.kpi.KpiCalculatorTest" time="0.0"/>
  <testcase name="perfect rep gives 100 score" classname="com.example.io_motion.core.analysis.kpi.KpiCalculatorTest" time="0.0"/>
  <testcase name="perfect symmetry gives 1_0" classname="com.example.io_motion.core.analysis.kpi.KpiCalculatorTest" time="0.0"/>
  <testcase name="consistency is always in 0-100 range" classname="com.example.io_motion.core.analysis.kpi.KpiCalculatorTest" time="0.001"/>
  <testcase name="sessionQuality averages rep scores" classname="com.example.io_motion.core.analysis.kpi.KpiCalculatorTest" time="0.0"/>
  <testcase name="sessionQuality is zero for empty list" classname="com.example.io_motion.core.analysis.kpi.KpiCalculatorTest" time="0.0"/>
  <testcase name="deviation at maxDeviation gives 0_0" classname="com.example.io_motion.core.analysis.kpi.KpiCalculatorTest" time="0.0"/>
  <testcase name="averageRom computes mean of rep ROMs" classname="com.example.io_motion.core.analysis.kpi.KpiCalculatorTest" time="0.001"/>
  <testcase name="highly variable intervals give low consistency" classname="com.example.io_motion.core.analysis.kpi.KpiCalculatorTest" time="0.0"/>
  <testcase name="averageRom is zero for empty list" classname="com.example.io_motion.core.analysis.kpi.KpiCalculatorTest" time="0.0"/>
  <testcase name="deviation beyond max is clamped to 0" classname="com.example.io_motion.core.analysis.kpi.KpiCalculatorTest" time="0.0"/>
  <testcase name="deviation at tolerance gives 0_0" classname="com.example.io_motion.core.analysis.kpi.KpiCalculatorTest" time="0.0"/>
  <testcase name="perfectly even intervals give 100 consistency" classname="com.example.io_motion.core.analysis.kpi.KpiCalculatorTest" time="0.002"/>
  <testcase name="score is always in 0 to 100 range" classname="com.example.io_motion.core.analysis.kpi.KpiCalculatorTest" time="0.0"/>
  <testcase name="perfect body line gives 1_0" classname="com.example.io_motion.core.analysis.kpi.KpiCalculatorTest" time="0.001"/>
  <testcase name="tempo is zero for zero reps" classname="com.example.io_motion.core.analysis.kpi.KpiCalculatorTest" time="0.0"/>
  <system-out><![CDATA[]]></system-out>
  <system-err><![CDATA[]]></system-err>
</testsuite>
