<?xml version="1.0" encoding="UTF-8"?>
<testsuite name="com.example.io_motion.core.analysis.normalization.BodyNormalizationTest" tests="9" skipped="0" failures="0" errors="0" timestamp="2026-06-27T12:05:08" hostname="BARDIA" time="0.002">
  <properties/>
  <testcase name="normalizing by torso is scale-invariant" classname="com.example.io_motion.core.analysis.normalization.BodyNormalizationTest" time="0.001"/>
  <testcase name="torso length with offset hips - averaged midpoints" classname="com.example.io_motion.core.analysis.normalization.BodyNormalizationTest" time="0.0"/>
  <testcase name="returns null when shoulder visibility is below threshold" classname="com.example.io_motion.core.analysis.normalization.BodyNormalizationTest" time="0.0"/>
  <testcase name="returns null when landmark list is too short" classname="com.example.io_motion.core.analysis.normalization.BodyNormalizationTest" time="0.0"/>
  <testcase name="torso length matches known geometry - vertical arrangement" classname="com.example.io_motion.core.analysis.normalization.BodyNormalizationTest" time="0.0"/>
  <testcase name="returns null when hip visibility is below threshold" classname="com.example.io_motion.core.analysis.normalization.BodyNormalizationTest" time="0.0"/>
  <testcase name="accepts landmarks exactly at visibility threshold" classname="com.example.io_motion.core.analysis.normalization.BodyNormalizationTest" time="0.0"/>
  <testcase name="normalizeByTorso returns null when confidence is low" classname="com.example.io_motion.core.analysis.normalization.BodyNormalizationTest" time="0.0"/>
  <testcase name="normalizeByTorso divides by torso length" classname="com.example.io_motion.core.analysis.normalization.BodyNormalizationTest" time="0.0"/>
  <system-out><![CDATA[]]></system-out>
  <system-err><![CDATA[]]></system-err>
</testsuite>
